Using TensorFlow backend.
2017-12-01 17:07:41.533531: I tensorflow/core/platform/cpu_feature_guard.cc:137] Your CPU supports instructions that this TensorFlow binary was not compiled to use: SSE4.1 SSE4.2 AVX AVX2 FMA
2017-12-01 17:07:41.646075: I tensorflow/core/common_runtime/gpu/gpu_device.cc:1030] Found device 0 with properties: 
name: Quadro K1200 major: 5 minor: 0 memoryClockRate(GHz): 1.0325
pciBusID: 0000:03:00.0
totalMemory: 3.95GiB freeMemory: 3.24GiB
2017-12-01 17:07:41.646098: I tensorflow/core/common_runtime/gpu/gpu_device.cc:1120] Creating TensorFlow device (/device:GPU:0) -> (device: 0, name: Quadro K1200, pci bus id: 0000:03:00.0, compute capability: 5.0)
src/test_retinaNN_training.py:66: UserWarning: Update your `Model` call to the Keras 2 API: `Model(outputs=Tensor("ac..., inputs=Tensor("in...)`
  model = Model(input=inputs, output=conv7)
src/test_retinaNN_training.py:131: UserWarning: The `nb_epoch` argument in `fit` has been renamed `epochs`.
  model.fit(patches_imgs_train, patches_masks_train, nb_epoch=N_epochs, batch_size=batch_size, verbose=2, shuffle=True, validation_split=0.1, callbacks=[checkpointer])

train images/masks shape:
(10, 1, 565, 1024)
train images range (min-max): 0.0078431372549 - 1.0
train masks are within 0-1

patches per full image: 19000

train PATCHES images/masks shape:
(190000, 1, 48, 48)
train PATCHES images range (min-max): 0.0078431372549 - 1.0
Check: final output of the network:
(None, 2304, 2)
Train on 171000 samples, validate on 19000 samples
Epoch 1/150
Epoch 00001: val_loss improved from inf to 0.08347, saving model to /home/maryana/Projects/retina-unet/AVID/AVID_best_weights.h5
 - 591s - loss: 0.1253 - acc: 0.9501 - val_loss: 0.0835 - val_acc: 0.9766
Epoch 2/150
Epoch 00002: val_loss improved from 0.08347 to 0.07434, saving model to /home/maryana/Projects/retina-unet/AVID/AVID_best_weights.h5
 - 590s - loss: 0.0952 - acc: 0.9609 - val_loss: 0.0743 - val_acc: 0.9761
Epoch 3/150
Epoch 00003: val_loss improved from 0.07434 to 0.07183, saving model to /home/maryana/Projects/retina-unet/AVID/AVID_best_weights.h5
 - 589s - loss: 0.0925 - acc: 0.9624 - val_loss: 0.0718 - val_acc: 0.9770
Epoch 4/150
Epoch 00004: val_loss did not improve
 - 589s - loss: 0.0912 - acc: 0.9634 - val_loss: 0.0764 - val_acc: 0.9777
Epoch 5/150
Epoch 00005: val_loss improved from 0.07183 to 0.06424, saving model to /home/maryana/Projects/retina-unet/AVID/AVID_best_weights.h5
 - 589s - loss: 0.0902 - acc: 0.9643 - val_loss: 0.0642 - val_acc: 0.9788
Epoch 6/150
Epoch 00006: val_loss improved from 0.06424 to 0.05606, saving model to /home/maryana/Projects/retina-unet/AVID/AVID_best_weights.h5
 - 589s - loss: 0.0893 - acc: 0.9652 - val_loss: 0.0561 - val_acc: 0.9806
Epoch 7/150
Epoch 00007: val_loss improved from 0.05606 to 0.05255, saving model to /home/maryana/Projects/retina-unet/AVID/AVID_best_weights.h5
 - 589s - loss: 0.0883 - acc: 0.9662 - val_loss: 0.0525 - val_acc: 0.9820
Epoch 8/150
Epoch 00008: val_loss improved from 0.05255 to 0.04826, saving model to /home/maryana/Projects/retina-unet/AVID/AVID_best_weights.h5
 - 589s - loss: 0.0872 - acc: 0.9673 - val_loss: 0.0483 - val_acc: 0.9836
Epoch 9/150
Epoch 00009: val_loss improved from 0.04826 to 0.03987, saving model to /home/maryana/Projects/retina-unet/AVID/AVID_best_weights.h5
 - 589s - loss: 0.0859 - acc: 0.9689 - val_loss: 0.0399 - val_acc: 0.9866
Epoch 10/150
Epoch 00010: val_loss improved from 0.03987 to 0.03779, saving model to /home/maryana/Projects/retina-unet/AVID/AVID_best_weights.h5
 - 589s - loss: 0.0844 - acc: 0.9705 - val_loss: 0.0378 - val_acc: 0.9875
Epoch 11/150
Epoch 00011: val_loss improved from 0.03779 to 0.03461, saving model to /home/maryana/Projects/retina-unet/AVID/AVID_best_weights.h5
 - 589s - loss: 0.0833 - acc: 0.9714 - val_loss: 0.0346 - val_acc: 0.9881
Epoch 12/150
Epoch 00012: val_loss did not improve
 - 589s - loss: 0.0824 - acc: 0.9720 - val_loss: 0.0385 - val_acc: 0.9875
Epoch 13/150
Epoch 00013: val_loss did not improve
 - 589s - loss: 0.0817 - acc: 0.9724 - val_loss: 0.0364 - val_acc: 0.9879
Epoch 14/150
Epoch 00014: val_loss did not improve
 - 589s - loss: 0.0812 - acc: 0.9727 - val_loss: 0.0370 - val_acc: 0.9878
Epoch 15/150
Epoch 00015: val_loss did not improve
 - 589s - loss: 0.0808 - acc: 0.9730 - val_loss: 0.0369 - val_acc: 0.9879
Epoch 16/150
Epoch 00016: val_loss did not improve
 - 589s - loss: 0.0804 - acc: 0.9732 - val_loss: 0.0376 - val_acc: 0.9879
Epoch 17/150
Epoch 00017: val_loss improved from 0.03461 to 0.03357, saving model to /home/maryana/Projects/retina-unet/AVID/AVID_best_weights.h5
 - 589s - loss: 0.0801 - acc: 0.9734 - val_loss: 0.0336 - val_acc: 0.9885
Epoch 18/150
Epoch 00018: val_loss did not improve
 - 589s - loss: 0.0797 - acc: 0.9735 - val_loss: 0.0410 - val_acc: 0.9873
Epoch 19/150
Epoch 00019: val_loss did not improve
 - 589s - loss: 0.0794 - acc: 0.9737 - val_loss: 0.0379 - val_acc: 0.9879
Epoch 20/150
Epoch 00020: val_loss did not improve
 - 589s - loss: 0.0791 - acc: 0.9739 - val_loss: 0.0388 - val_acc: 0.9880
Epoch 21/150
Epoch 00021: val_loss did not improve
 - 589s - loss: 0.0789 - acc: 0.9740 - val_loss: 0.0356 - val_acc: 0.9885
Epoch 22/150
Epoch 00022: val_loss did not improve
 - 589s - loss: 0.0786 - acc: 0.9741 - val_loss: 0.0353 - val_acc: 0.9886
Epoch 23/150
Epoch 00023: val_loss did not improve
 - 589s - loss: 0.0784 - acc: 0.9743 - val_loss: 0.0349 - val_acc: 0.9889
Epoch 24/150
Epoch 00024: val_loss improved from 0.03357 to 0.03234, saving model to /home/maryana/Projects/retina-unet/AVID/AVID_best_weights.h5
 - 589s - loss: 0.0781 - acc: 0.9744 - val_loss: 0.0323 - val_acc: 0.9893
Epoch 25/150
Epoch 00025: val_loss did not improve
 - 589s - loss: 0.0779 - acc: 0.9745 - val_loss: 0.0332 - val_acc: 0.9894
Epoch 26/150
Epoch 00026: val_loss did not improve
 - 589s - loss: 0.0776 - acc: 0.9747 - val_loss: 0.0371 - val_acc: 0.9884
Epoch 27/150
Epoch 00027: val_loss improved from 0.03234 to 0.03205, saving model to /home/maryana/Projects/retina-unet/AVID/AVID_best_weights.h5
 - 589s - loss: 0.0774 - acc: 0.9749 - val_loss: 0.0320 - val_acc: 0.9896
Epoch 28/150
Epoch 00028: val_loss did not improve
 - 589s - loss: 0.0772 - acc: 0.9749 - val_loss: 0.0430 - val_acc: 0.9889
Epoch 29/150
Epoch 00029: val_loss did not improve
 - 589s - loss: 0.0769 - acc: 0.9751 - val_loss: 0.0372 - val_acc: 0.9891
Epoch 30/150
Epoch 00030: val_loss did not improve
 - 589s - loss: 0.0767 - acc: 0.9752 - val_loss: 0.0487 - val_acc: 0.9870
Epoch 31/150
Epoch 00031: val_loss did not improve
 - 589s - loss: 0.0765 - acc: 0.9754 - val_loss: 0.0409 - val_acc: 0.9892
Epoch 32/150
Epoch 00032: val_loss did not improve
 - 589s - loss: 0.0763 - acc: 0.9755 - val_loss: 0.0450 - val_acc: 0.9878
Epoch 33/150
Epoch 00033: val_loss did not improve
 - 589s - loss: 0.0760 - acc: 0.9756 - val_loss: 0.0412 - val_acc: 0.9886
Epoch 34/150
Epoch 00034: val_loss did not improve
 - 589s - loss: 0.0758 - acc: 0.9758 - val_loss: 0.0565 - val_acc: 0.9835
Epoch 35/150
Epoch 00035: val_loss did not improve
 - 589s - loss: 0.0756 - acc: 0.9759 - val_loss: 0.0399 - val_acc: 0.9895
Epoch 36/150
Epoch 00036: val_loss did not improve
 - 589s - loss: 0.0754 - acc: 0.9760 - val_loss: 0.0526 - val_acc: 0.9852
Epoch 37/150
Epoch 00037: val_loss did not improve
 - 589s - loss: 0.0752 - acc: 0.9762 - val_loss: 0.1371 - val_acc: 0.9041
Epoch 38/150
Epoch 00038: val_loss did not improve
 - 589s - loss: 0.0750 - acc: 0.9763 - val_loss: 0.0490 - val_acc: 0.9873
Epoch 39/150
Epoch 00039: val_loss did not improve
 - 589s - loss: 0.0748 - acc: 0.9764 - val_loss: 0.0501 - val_acc: 0.9856
Epoch 40/150
Epoch 00040: val_loss did not improve
 - 589s - loss: 0.0746 - acc: 0.9766 - val_loss: 0.0620 - val_acc: 0.9754
Epoch 41/150
Epoch 00041: val_loss did not improve
 - 589s - loss: 0.0744 - acc: 0.9766 - val_loss: 0.0569 - val_acc: 0.9830
Epoch 42/150
Epoch 00042: val_loss did not improve
 - 589s - loss: 0.0743 - acc: 0.9767 - val_loss: 0.0805 - val_acc: 0.9560
Epoch 43/150
Epoch 00043: val_loss did not improve
 - 589s - loss: 0.0740 - acc: 0.9769 - val_loss: 0.0739 - val_acc: 0.9664
Epoch 44/150
Epoch 00044: val_loss did not improve
 - 589s - loss: 0.0739 - acc: 0.9770 - val_loss: 0.0690 - val_acc: 0.9705
Epoch 45/150
Epoch 00045: val_loss did not improve
 - 589s - loss: 0.0737 - acc: 0.9772 - val_loss: 0.0467 - val_acc: 0.9878
Epoch 46/150
Epoch 00046: val_loss did not improve
 - 589s - loss: 0.0735 - acc: 0.9773 - val_loss: 0.0588 - val_acc: 0.9830
Epoch 47/150
Epoch 00047: val_loss did not improve
 - 589s - loss: 0.0733 - acc: 0.9773 - val_loss: 0.1798 - val_acc: 0.7851
Epoch 48/150
Epoch 00048: val_loss did not improve
 - 589s - loss: 0.0731 - acc: 0.9775 - val_loss: 0.1026 - val_acc: 0.9313
Epoch 49/150
Epoch 00049: val_loss did not improve
 - 589s - loss: 0.0730 - acc: 0.9776 - val_loss: 0.0669 - val_acc: 0.9771
Epoch 50/150
Epoch 00050: val_loss did not improve
 - 589s - loss: 0.0728 - acc: 0.9777 - val_loss: 0.0725 - val_acc: 0.9718
Epoch 51/150
Epoch 00051: val_loss did not improve
 - 589s - loss: 0.0726 - acc: 0.9778 - val_loss: 0.0929 - val_acc: 0.9347
Epoch 52/150
Epoch 00052: val_loss did not improve
 - 589s - loss: 0.0725 - acc: 0.9779 - val_loss: 0.0551 - val_acc: 0.9841
Epoch 53/150
Epoch 00053: val_loss did not improve
 - 589s - loss: 0.0723 - acc: 0.9780 - val_loss: 0.0861 - val_acc: 0.9544
Epoch 54/150
Epoch 00054: val_loss did not improve
 - 589s - loss: 0.0721 - acc: 0.9781 - val_loss: 0.0953 - val_acc: 0.9391
Epoch 55/150
Epoch 00055: val_loss did not improve
 - 589s - loss: 0.0719 - acc: 0.9783 - val_loss: 0.1088 - val_acc: 0.9211
Epoch 56/150
Epoch 00056: val_loss did not improve
 - 589s - loss: 0.0717 - acc: 0.9784 - val_loss: 0.1305 - val_acc: 0.9070
Epoch 57/150
Epoch 00057: val_loss did not improve
 - 589s - loss: 0.0716 - acc: 0.9785 - val_loss: 0.1275 - val_acc: 0.9089
Epoch 58/150
Epoch 00058: val_loss did not improve
 - 589s - loss: 0.0714 - acc: 0.9786 - val_loss: 0.1078 - val_acc: 0.9287
Epoch 59/150
Epoch 00059: val_loss did not improve
 - 589s - loss: 0.0713 - acc: 0.9786 - val_loss: 0.0731 - val_acc: 0.9771
Epoch 60/150
Epoch 00060: val_loss did not improve
 - 589s - loss: 0.0711 - acc: 0.9788 - val_loss: 0.1063 - val_acc: 0.9271
Epoch 61/150
Epoch 00061: val_loss did not improve
 - 589s - loss: 0.0710 - acc: 0.9789 - val_loss: 0.0841 - val_acc: 0.9647
Epoch 62/150
Epoch 00062: val_loss did not improve
 - 589s - loss: 0.0708 - acc: 0.9790 - val_loss: 0.1536 - val_acc: 0.8919
Epoch 63/150
Epoch 00063: val_loss did not improve
 - 589s - loss: 0.0706 - acc: 0.9791 - val_loss: 0.1458 - val_acc: 0.8980
Epoch 64/150
Epoch 00064: val_loss did not improve
 - 589s - loss: 0.0705 - acc: 0.9792 - val_loss: 0.1064 - val_acc: 0.9304
Epoch 65/150
Epoch 00065: val_loss did not improve
 - 589s - loss: 0.0703 - acc: 0.9793 - val_loss: 0.1723 - val_acc: 0.8202
Epoch 66/150
Epoch 00066: val_loss did not improve
 - 589s - loss: 0.0702 - acc: 0.9794 - val_loss: 0.1170 - val_acc: 0.9216
Epoch 67/150
Epoch 00067: val_loss did not improve
 - 589s - loss: 0.0701 - acc: 0.9795 - val_loss: 0.1706 - val_acc: 0.8139
Epoch 68/150
Epoch 00068: val_loss did not improve
 - 589s - loss: 0.0699 - acc: 0.9796 - val_loss: 0.1663 - val_acc: 0.8296
Epoch 69/150
Epoch 00069: val_loss did not improve
 - 589s - loss: 0.0698 - acc: 0.9797 - val_loss: 0.1781 - val_acc: 0.7927
Epoch 70/150
Epoch 00070: val_loss did not improve
 - 589s - loss: 0.0696 - acc: 0.9798 - val_loss: 0.1052 - val_acc: 0.9526
Epoch 71/150
Epoch 00071: val_loss did not improve
 - 589s - loss: 0.0694 - acc: 0.9799 - val_loss: 0.1478 - val_acc: 0.8971
Epoch 72/150
Epoch 00072: val_loss did not improve
 - 589s - loss: 0.0693 - acc: 0.9800 - val_loss: 0.1422 - val_acc: 0.9080
Epoch 73/150
Epoch 00073: val_loss did not improve
 - 589s - loss: 0.0692 - acc: 0.9801 - val_loss: 0.1562 - val_acc: 0.8879
Epoch 74/150
Epoch 00074: val_loss did not improve
 - 589s - loss: 0.0691 - acc: 0.9801 - val_loss: 0.1821 - val_acc: 0.7957
Epoch 75/150
Epoch 00075: val_loss did not improve
 - 589s - loss: 0.0689 - acc: 0.9803 - val_loss: 0.1729 - val_acc: 0.8170
Epoch 76/150
Epoch 00076: val_loss did not improve
 - 589s - loss: 0.0688 - acc: 0.9804 - val_loss: 0.1328 - val_acc: 0.9272
Epoch 77/150
Epoch 00077: val_loss did not improve
 - 589s - loss: 0.0687 - acc: 0.9804 - val_loss: 0.1562 - val_acc: 0.8586
Epoch 78/150
Epoch 00078: val_loss did not improve
 - 589s - loss: 0.0685 - acc: 0.9805 - val_loss: 0.1750 - val_acc: 0.8184
Epoch 79/150
Epoch 00079: val_loss did not improve
 - 589s - loss: 0.0684 - acc: 0.9806 - val_loss: 0.1765 - val_acc: 0.8154
Epoch 80/150
Epoch 00080: val_loss did not improve
 - 589s - loss: 0.0683 - acc: 0.9807 - val_loss: 0.1658 - val_acc: 0.8418
Epoch 81/150
Epoch 00081: val_loss did not improve
 - 589s - loss: 0.0681 - acc: 0.9808 - val_loss: 0.1423 - val_acc: 0.9155
Epoch 82/150
Epoch 00082: val_loss did not improve
 - 589s - loss: 0.0680 - acc: 0.9809 - val_loss: 0.1738 - val_acc: 0.8234
Epoch 83/150
Epoch 00083: val_loss did not improve
 - 589s - loss: 0.0679 - acc: 0.9810 - val_loss: 0.1800 - val_acc: 0.7921
Epoch 84/150
Epoch 00084: val_loss did not improve
 - 589s - loss: 0.0678 - acc: 0.9811 - val_loss: 0.1564 - val_acc: 0.8685
Epoch 85/150
Epoch 00085: val_loss did not improve
 - 589s - loss: 0.0676 - acc: 0.9811 - val_loss: 0.1729 - val_acc: 0.8265
Epoch 86/150
Epoch 00086: val_loss did not improve
 - 589s - loss: 0.0675 - acc: 0.9813 - val_loss: 0.1611 - val_acc: 0.8533
Epoch 87/150
Epoch 00087: val_loss did not improve
 - 589s - loss: 0.0674 - acc: 0.9813 - val_loss: 0.1819 - val_acc: 0.8060
Epoch 88/150
Epoch 00088: val_loss did not improve
 - 589s - loss: 0.0673 - acc: 0.9814 - val_loss: 0.1029 - val_acc: 0.9611
Epoch 89/150
Epoch 00089: val_loss did not improve
 - 589s - loss: 0.0672 - acc: 0.9815 - val_loss: 0.1469 - val_acc: 0.8850
Epoch 90/150
Epoch 00090: val_loss did not improve
 - 589s - loss: 0.0670 - acc: 0.9816 - val_loss: 0.1532 - val_acc: 0.8733
Epoch 91/150
Epoch 00091: val_loss did not improve
 - 589s - loss: 0.0669 - acc: 0.9817 - val_loss: 0.1613 - val_acc: 0.8534
Epoch 92/150
Epoch 00092: val_loss did not improve
 - 589s - loss: 0.0668 - acc: 0.9817 - val_loss: 0.1821 - val_acc: 0.7956
Epoch 93/150
Epoch 00093: val_loss did not improve
 - 589s - loss: 0.0667 - acc: 0.9818 - val_loss: 0.1697 - val_acc: 0.8446
Epoch 94/150
Epoch 00094: val_loss did not improve
 - 589s - loss: 0.0666 - acc: 0.9819 - val_loss: 0.1263 - val_acc: 0.9431
Epoch 95/150
Epoch 00095: val_loss did not improve
 - 590s - loss: 0.0665 - acc: 0.9820 - val_loss: 0.1552 - val_acc: 0.8676
Epoch 96/150
Epoch 00096: val_loss did not improve
 - 590s - loss: 0.0664 - acc: 0.9821 - val_loss: 0.1537 - val_acc: 0.8670
Epoch 97/150
Epoch 00097: val_loss did not improve
 - 589s - loss: 0.0662 - acc: 0.9822 - val_loss: 0.1717 - val_acc: 0.8342
Epoch 98/150
Epoch 00098: val_loss did not improve
 - 589s - loss: 0.0662 - acc: 0.9822 - val_loss: 0.1502 - val_acc: 0.8685
Epoch 99/150
Epoch 00099: val_loss did not improve
 - 589s - loss: 0.0660 - acc: 0.9823 - val_loss: 0.1490 - val_acc: 0.8743
Epoch 100/150
Epoch 00100: val_loss did not improve
 - 590s - loss: 0.0659 - acc: 0.9824 - val_loss: 0.1373 - val_acc: 0.8978
Epoch 101/150
Epoch 00101: val_loss did not improve
 - 589s - loss: 0.0659 - acc: 0.9824 - val_loss: 0.1355 - val_acc: 0.8970
Epoch 102/150
Epoch 00102: val_loss did not improve
 - 589s - loss: 0.0658 - acc: 0.9825 - val_loss: 0.1128 - val_acc: 0.9566
Epoch 103/150
Epoch 00103: val_loss did not improve
 - 590s - loss: 0.0656 - acc: 0.9826 - val_loss: 0.1360 - val_acc: 0.8995
Epoch 104/150
Epoch 00104: val_loss did not improve
 - 589s - loss: 0.0655 - acc: 0.9827 - val_loss: 0.1012 - val_acc: 0.9678
Epoch 105/150
Epoch 00105: val_loss did not improve
 - 590s - loss: 0.0654 - acc: 0.9827 - val_loss: 0.0723 - val_acc: 0.9854
Epoch 106/150
Epoch 00106: val_loss did not improve
 - 589s - loss: 0.0653 - acc: 0.9828 - val_loss: 0.0914 - val_acc: 0.9821
Epoch 107/150
Epoch 00107: val_loss did not improve
 - 589s - loss: 0.0652 - acc: 0.9829 - val_loss: 0.1144 - val_acc: 0.9591
Epoch 108/150
Epoch 00108: val_loss did not improve
 - 589s - loss: 0.0651 - acc: 0.9830 - val_loss: 0.1202 - val_acc: 0.9513
Epoch 109/150
Epoch 00109: val_loss did not improve
 - 590s - loss: 0.0650 - acc: 0.9831 - val_loss: 0.0948 - val_acc: 0.9797
Epoch 110/150
Epoch 00110: val_loss did not improve
 - 589s - loss: 0.0649 - acc: 0.9831 - val_loss: 0.0665 - val_acc: 0.9872
Epoch 111/150
Epoch 00111: val_loss did not improve
 - 590s - loss: 0.0648 - acc: 0.9832 - val_loss: 0.1317 - val_acc: 0.8947
Epoch 112/150
Epoch 00112: val_loss did not improve
 - 589s - loss: 0.0647 - acc: 0.9833 - val_loss: 0.1130 - val_acc: 0.9581
Epoch 113/150
Epoch 00113: val_loss did not improve
 - 589s - loss: 0.0646 - acc: 0.9834 - val_loss: 0.1264 - val_acc: 0.9484
Epoch 114/150
Epoch 00114: val_loss did not improve
 - 589s - loss: 0.0645 - acc: 0.9834 - val_loss: 0.0446 - val_acc: 0.9899
Epoch 115/150
Epoch 00115: val_loss did not improve
 - 589s - loss: 0.0645 - acc: 0.9835 - val_loss: 0.0948 - val_acc: 0.9755
Epoch 116/150
Epoch 00116: val_loss did not improve
 - 589s - loss: 0.0643 - acc: 0.9836 - val_loss: 0.0998 - val_acc: 0.9700
Epoch 117/150
Epoch 00117: val_loss did not improve
 - 589s - loss: 0.0642 - acc: 0.9837 - val_loss: 0.0532 - val_acc: 0.9889
Epoch 118/150
Epoch 00118: val_loss did not improve
 - 590s - loss: 0.0641 - acc: 0.9838 - val_loss: 0.0617 - val_acc: 0.9878
Epoch 119/150
Epoch 00119: val_loss did not improve
 - 589s - loss: 0.0640 - acc: 0.9838 - val_loss: 0.0983 - val_acc: 0.9739
Epoch 120/150
Epoch 00120: val_loss did not improve
 - 589s - loss: 0.0639 - acc: 0.9839 - val_loss: 0.1154 - val_acc: 0.9579
Epoch 121/150
Epoch 00121: val_loss did not improve
 - 590s - loss: 0.0639 - acc: 0.9840 - val_loss: 0.1501 - val_acc: 0.8628
Epoch 122/150
Epoch 00122: val_loss did not improve
 - 590s - loss: 0.0638 - acc: 0.9840 - val_loss: 0.1116 - val_acc: 0.9637
Epoch 123/150
Epoch 00123: val_loss did not improve
 - 590s - loss: 0.0637 - acc: 0.9841 - val_loss: 0.1157 - val_acc: 0.9556
Epoch 124/150
Epoch 00124: val_loss did not improve
 - 590s - loss: 0.0636 - acc: 0.9842 - val_loss: 0.0664 - val_acc: 0.9871
Epoch 125/150
Epoch 00125: val_loss did not improve
 - 589s - loss: 0.0635 - acc: 0.9842 - val_loss: 0.0497 - val_acc: 0.9883
Epoch 126/150
Epoch 00126: val_loss did not improve
 - 590s - loss: 0.0634 - acc: 0.9843 - val_loss: 0.0513 - val_acc: 0.9887
Epoch 127/150
Epoch 00127: val_loss did not improve
 - 590s - loss: 0.0633 - acc: 0.9844 - val_loss: 0.0466 - val_acc: 0.9893
Epoch 128/150
Epoch 00128: val_loss did not improve
 - 590s - loss: 0.0632 - acc: 0.9844 - val_loss: 0.0804 - val_acc: 0.9844
Epoch 129/150
Epoch 00129: val_loss did not improve
 - 590s - loss: 0.0631 - acc: 0.9845 - val_loss: 0.0770 - val_acc: 0.9851
Epoch 130/150
Epoch 00130: val_loss did not improve
 - 590s - loss: 0.0631 - acc: 0.9846 - val_loss: 0.0644 - val_acc: 0.9869
Epoch 131/150
Epoch 00131: val_loss did not improve
 - 589s - loss: 0.0630 - acc: 0.9846 - val_loss: 0.0506 - val_acc: 0.9885
Epoch 132/150
Epoch 00132: val_loss did not improve
 - 589s - loss: 0.0629 - acc: 0.9847 - val_loss: 0.0566 - val_acc: 0.9875
Epoch 133/150
Epoch 00133: val_loss did not improve
 - 589s - loss: 0.0628 - acc: 0.9848 - val_loss: 0.0448 - val_acc: 0.9889
Epoch 134/150
Epoch 00134: val_loss did not improve
 - 589s - loss: 0.0627 - acc: 0.9849 - val_loss: 0.0598 - val_acc: 0.9868
Epoch 135/150
Epoch 00135: val_loss did not improve
 - 589s - loss: 0.0626 - acc: 0.9849 - val_loss: 0.0438 - val_acc: 0.9886
Epoch 136/150
Epoch 00136: val_loss did not improve
 - 589s - loss: 0.0626 - acc: 0.9850 - val_loss: 0.0405 - val_acc: 0.9901
Epoch 137/150
Epoch 00137: val_loss did not improve
 - 589s - loss: 0.0625 - acc: 0.9851 - val_loss: 0.0411 - val_acc: 0.9895
Epoch 138/150
Epoch 00138: val_loss did not improve
 - 590s - loss: 0.0624 - acc: 0.9851 - val_loss: 0.0753 - val_acc: 0.9838
Epoch 139/150
Epoch 00139: val_loss did not improve
 - 589s - loss: 0.0623 - acc: 0.9852 - val_loss: 0.0644 - val_acc: 0.9862
Epoch 140/150
Epoch 00140: val_loss did not improve
 - 589s - loss: 0.0623 - acc: 0.9852 - val_loss: 0.0423 - val_acc: 0.9887
Epoch 141/150
Epoch 00141: val_loss did not improve
 - 589s - loss: 0.0622 - acc: 0.9853 - val_loss: 0.0390 - val_acc: 0.9902
Epoch 142/150
Epoch 00142: val_loss did not improve
 - 589s - loss: 0.0621 - acc: 0.9854 - val_loss: 0.0584 - val_acc: 0.9862
Epoch 143/150
Epoch 00143: val_loss did not improve
 - 589s - loss: 0.0620 - acc: 0.9855 - val_loss: 0.0428 - val_acc: 0.9897
Epoch 144/150
Epoch 00144: val_loss did not improve
 - 589s - loss: 0.0619 - acc: 0.9855 - val_loss: 0.0470 - val_acc: 0.9877
Epoch 145/150
Epoch 00145: val_loss did not improve
 - 589s - loss: 0.0619 - acc: 0.9856 - val_loss: 0.0464 - val_acc: 0.9888
Epoch 146/150
Epoch 00146: val_loss did not improve
 - 589s - loss: 0.0618 - acc: 0.9856 - val_loss: 0.0481 - val_acc: 0.9878
Epoch 147/150
Epoch 00147: val_loss did not improve
 - 589s - loss: 0.0617 - acc: 0.9857 - val_loss: 0.0458 - val_acc: 0.9885
Epoch 148/150
Epoch 00148: val_loss did not improve
 - 589s - loss: 0.0616 - acc: 0.9857 - val_loss: 0.0502 - val_acc: 0.9877
Epoch 149/150
Epoch 00149: val_loss did not improve
 - 590s - loss: 0.0616 - acc: 0.9858 - val_loss: 0.0450 - val_acc: 0.9888
Epoch 150/150
Epoch 00150: val_loss did not improve
 - 589s - loss: 0.0615 - acc: 0.9858 - val_loss: 0.0434 - val_acc: 0.9895
